1631455589743	geckodriver	INFO	Listening on 127.0.0.1:1095
1631455592812	mozrunner::runner	INFO	Running command: "C:\\Program Files\\Mozilla Firefox\\firefox.exe" "--marionette" "-foreground" "-no-remote" "-profile" "C:\\Users\\Ashwin\\AppData\\Local\\Temp\\rust_mozprofilesxaD5b"
1631455594339	Marionette	INFO	Marionette enabled
console.warn: SearchSettings: "get: No settings file exists, new profile?" (new NotFoundError("Could not open the file at C:\\Users\\Ashwin\\AppData\\Local\\Temp\\rust_mozprofilesxaD5b\\search.json.mozlz4", (void 0)))
1631455601526	Marionette	INFO	Listening on port 1105
1631455601999	RemoteAgent	WARN	TLS certificate errors will be ignored for this session
1631455602076	Marionette	INFO	Stopped listening on port 1105
JavaScript error: resource:///modules/Interactions.jsm, line 230: NS_ERROR_FAILURE: Component returned failure code: 0x80004005 (NS_ERROR_FAILURE) [nsIUserIdleService.removeIdleObserver]
console.error: services.settings: 
  main/cfr Signature failed  TypeError: NetworkError when attempting to fetch resource.
1631455680937	geckodriver	INFO	Listening on 127.0.0.1:1033
1631455683672	mozrunner::runner	INFO	Running command: "C:\\Program Files\\Mozilla Firefox\\firefox.exe" "--marionette" "-foreground" "-no-remote" "-profile" "C:\\Users\\Ashwin\\AppData\\Local\\Temp\\rust_mozprofileiLArj7"
1631455685348	Marionette	INFO	Marionette enabled
console.warn: SearchSettings: "get: No settings file exists, new profile?" (new NotFoundError("Could not open the file at C:\\Users\\Ashwin\\AppData\\Local\\Temp\\rust_mozprofileiLArj7\\search.json.mozlz4", (void 0)))
1631455693299	Marionette	INFO	Listening on port 1043
1631455693817	RemoteAgent	WARN	TLS certificate errors will be ignored for this session
1631455693854	Marionette	INFO	Stopped listening on port 1043
JavaScript error: resource:///modules/Interactions.jsm, line 230: NS_ERROR_FAILURE: Component returned failure code: 0x80004005 (NS_ERROR_FAILURE) [nsIUserIdleService.removeIdleObserver]
1631508346618	geckodriver	INFO	Listening on 127.0.0.1:1140
1631508349716	mozrunner::runner	INFO	Running command: "C:\\Program Files\\Mozilla Firefox\\firefox.exe" "--marionette" "-foreground" "-no-remote" "-profile" "C:\\Users\\Ashwin\\AppData\\Local\\Temp\\rust_mozprofilea3Gz1C"
1631508350026	Marionette	INFO	Marionette enabled
console.warn: SearchSettings: "get: No settings file exists, new profile?" (new NotFoundError("Could not open the file at C:\\Users\\Ashwin\\AppData\\Local\\Temp\\rust_mozprofilea3Gz1C\\search.json.mozlz4", (void 0)))
1631508352323	Marionette	INFO	Listening on port 1151
1631508352382	RemoteAgent	WARN	TLS certificate errors will be ignored for this session
1631508391837	Marionette	INFO	Stopped listening on port 1151
JavaScript error: resource:///modules/Interactions.jsm, line 230: NS_ERROR_FAILURE: Component returned failure code: 0x80004005 (NS_ERROR_FAILURE) [nsIUserIdleService.removeIdleObserver]

###!!! [Parent][RunMessage] Error: Channel closing: too late to send/recv, messages will be lost

1631508395050	geckodriver	INFO	Listening on 127.0.0.1:1050
1631508398126	mozrunner::runner	INFO	Running command: "C:\\Program Files\\Mozilla Firefox\\firefox.exe" "--marionette" "-foreground" "-no-remote" "-profile" "C:\\Users\\Ashwin\\AppData\\Local\\Temp\\rust_mozprofileA9GvkW"
1631508398445	Marionette	INFO	Marionette enabled
console.warn: SearchSettings: "get: No settings file exists, new profile?" (new NotFoundError("Could not open the file at C:\\Users\\Ashwin\\AppData\\Local\\Temp\\rust_mozprofileA9GvkW\\search.json.mozlz4", (void 0)))
1631508400378	Marionette	INFO	Listening on port 1081
1631508400784	RemoteAgent	WARN	TLS certificate errors will be ignored for this session
1631508457841	Marionette	INFO	Stopped listening on port 1081
JavaScript error: resource:///modules/Interactions.jsm, line 230: NS_ERROR_FAILURE: Component returned failure code: 0x80004005 (NS_ERROR_FAILURE) [nsIUserIdleService.removeIdleObserver]
1631508466554	geckodriver	INFO	Listening on 127.0.0.1:21471
1631508469629	mozrunner::runner	INFO	Running command: "C:\\Program Files\\Mozilla Firefox\\firefox.exe" "--marionette" "-foreground" "-no-remote" "-profile" "C:\\Users\\Ashwin\\AppData\\Local\\Temp\\rust_mozprofileuQkShY"
1631508469949	Marionette	INFO	Marionette enabled
console.warn: SearchSettings: "get: No settings file exists, new profile?" (new NotFoundError("Could not open the file at C:\\Users\\Ashwin\\AppData\\Local\\Temp\\rust_mozprofileuQkShY\\search.json.mozlz4", (void 0)))
1631508472259	Marionette	INFO	Listening on port 21479
1631508472332	RemoteAgent	WARN	TLS certificate errors will be ignored for this session
1631508614216	Marionette	INFO	Stopped listening on port 21479
JavaScript error: resource:///modules/Interactions.jsm, line 230: NS_ERROR_FAILURE: Component returned failure code: 0x80004005 (NS_ERROR_FAILURE) [nsIUserIdleService.removeIdleObserver]

###!!! [Parent][RunMessage] Error: Channel closing: too late to send/recv, messages will be lost

ttings: "get: No settings file exists, new profile?" (new NotFoundError("Could not open the file at C:\\Users\\Ashwin\\AppData\\Local\\Temp\\rust_mozprofilenuKsGL\\search.json.mozlz4", (void 0)))
1631508551449	Marionette	INFO	Listening on port 1092
1631508551769	RemoteAgent	WARN	TLS certificate errors will be ignored for this session
1631508613236	Marionette	INFO	Stopped listening on port 1092
JavaScript error: resource:///modules/Interactions.jsm, line 230: NS_ERROR_FAILURE: Component returned failure code: 0x80004005 (NS_ERROR_FAILURE) [nsIUserIdleService.removeIdleObserver]

###!!! [Parent][RunMessage] Error: Channel closing: too late to send/recv, messages will be lost

1631508769695	geckodriver	INFO	Listening on 127.0.0.1:1034
1631508772743	mozrunner::runner	INFO	Running command: "C:\\Program Files\\Mozilla Firefox\\firefox.exe" "--marionette" "-foreground" "-no-remote" "-profile" "C:\\Users\\Ashwin\\AppData\\Local\\Temp\\rust_mozprofile8Gx9Nn"
1631508773057	Marionette	INFO	Marionette enabled
console.warn: SearchSettings: "get: No settings file exists, new profile?" (new NotFoundError("Could not open the file at C:\\Users\\Ashwin\\AppData\\Local\\Temp\\rust_mozprofile8Gx9Nn\\search.json.mozlz4", (void 0)))
1631508774967	Marionette	INFO	Listening on port 1059
1631508775397	RemoteAgent	WARN	TLS certificate errors will be ignored for this session
JavaScript error: resource:///actors/FormValidationChild.jsm, line 177: TypeError: this._element is null
1631508776565	Marionette	INFO	Stopped listening on port 1059
JavaScript error: resource:///modules/Interactions.jsm, line 230: NS_ERROR_FAILURE: Component returned failure code: 0x80004005 (NS_ERROR_FAILURE) [nsIUserIdleService.removeIdleObserver]
JavaScript error: resource://gre/modules/UrlClassifierListManager.jsm, line 691: TypeError: this.tablesData[table] is undefined

###!!! [Parent][RunMessage] Error: Channel closing: too late to send/recv, messages will be lost

